
  ___  ____  ____  ____  ____ ®
 /__    /   ____/   /   ____/      Stata 18.0
___/   /   /___/   /   /___/       BE—Basic Edition

 Statistics and Data Science       Copyright 1985-2023 StataCorp LLC
                                   StataCorp
                                   4905 Lakeway Drive
                                   College Station, Texas 77845 USA
                                   800-782-8272        https://www.stata.com
                                   979-696-4600        service@stata.com

Stata license: Single-user  perpetual
Serial number: 301806304604
  Licensed to: tate
               UGA

Notes:
      1. Stata is running in batch mode.
      2. Unicode is supported; see help unicode_advice.

. do Extend-Work.do 

. /*********************************
> * Tate Mason                     *
> * UNC Charlotte                  *
> * Extend-Work.do                 *
> *********************************/
. 
. /********************************
> * 1. Environment Setup          *
> ********************************/
.         #delimit cr
delimiter now cr
.         clear

.         clear all

.         set more off

.         cap log close

.         
.         //Data Paths
.         
.   local data "/Volumes/TD1/mason/housing/RM2-Data"

.         local output "/Volumes/TD1/mason/housing/output/"

.         
.         log using `output'/RM2_output.txt, replace
-----------------------------------------------------------------------------------------
      name:  <unnamed>
       log:  /Volumes/TD1/mason/housing/output//RM2_output.txt
  log type:  smcl
 opened on:   6 Aug 2025, 15:32:04

.         
.         local prepRaw = 0

.         local prepDec = 0

.         local prepDummies = 0

.         local prepDecDummies = 0

.         local gapReg = 1

.         local doGraph = 1

.         local gapGraph = 1

.         local tabReg = 1

.         local bwReg     = 1

.         
. /********************************
> * 2. Data Setup (Percentiles)   *
> ********************************/
.         if `prepRaw' {
.                         
.                         use "`data'/IPUMS-USA_Extension-correct.dta", clear
.                         
.                         keep if inlist(year,1980,1990,2000,2010,2019)
.                 
.                         gen rent_inc = 100*rentgrs/(inctot/12) if inctot>0
.                         gen hval_inc = valueh/(inctot/12) if inctot>0
.                         
.                         
.                         gen inc_month = inctot/12
.                         gen own100 = 100*(1-renter)
.                         
.                         //compute percentiles
.                         local vars "rentgrs valueh own100 inc_month"
.                         
.                         levelsof year, local(years)
.                         
.                         foreach v of local vars {
  2.                                 di "computing percentiles for `v'..."
  3.                                 gen pctr_`v'=.
  4.                                 foreach y of local years {
  5.                                         di "    year=`y'..."
  6.                                         xtile pctr_`v'_`y' = `v' [aw=hhwt] if year==
> `y', nq(100)
  7.                                         replace pctr_`v'=pctr_`v'_`y' if year==`y'
  8.                                 }
  9.                                 
.                                 
.                         }
.                         
.                 
.                         
.                         save "`data'/fig2data.dta", replace
.                 
.                 }

. /********************************
> * 2. Data Setup (Deciles)       *
> ********************************/
.         if `prepDec' {
.                 
.                 use "`data'/IPUMS-USA_Extension-correct.dta", clear
.                         
.                         keep if inlist(year,1980,1990,2000,2010,2019)
.                         
.                         
.                 
.                         gen rent_inc = 100*rentgrs/(inctot/12) if inctot>0
.                         gen hval_inc = valueh/(inctot/12) if inctot>0
.                         
.                         
.                         gen inc_month = inctot/12
.                         gen own100 = 100*(1-renter)
.                 
.                         //compute deciles       
.                         local vars "rentgrs valueh own100 inc_month"
.                         
.                         levelsof year, local(years)
.                         
.                         foreach v of local vars {
  2.                                 di "computing deciles for `v'..."
  3.                                 gen dec_`v'=.
  4.                                 foreach y of local years {
  5.                                         di "    year=`y'..."
  6.                                         xtile dec_`v'_`y' = `v' [aw=hhwt] if year==`
> y', nq(10)
  7.                                         replace dec_`v'=dec_`v'_`y' if year==`y'
  8.                                 }
  9.                                 
.                                 
.                         }
.                         
.                         
.                         save "`data'/tab1data.dta", replace
.         }

. /********************************
> * 3. Prep Dummies (Percentiles) *
> ********************************/               
.                 
. if `prepDummies' {
.                 
.                 use "`data'/fig2data.dta", clear
.                 
.                 
.                 local races "asian chinese japanese korean vietnamese filipino indian b
> lack"
.                         levelsof pctr_inc_month, local(ps)
.                         foreach p of local ps {
  2.                                  
.                                 di "p=`p'"
  3.                                 //generate dummy for income ranks
.                                         gen _incr_p`p' = 0 if pctr_inc_month!=.
  4.                                         replace _incr_p`p' = 1 if pctr_inc_month==`p
> '
  5.                                 foreach r of local races {
  6.                                         di "race=`r'..."
  7.                                 //generate interaction with race
.                                         gen _ia_`r'_incr_p`p' = `r'*_incr_p`p'
  8.                                 
.                                 
.                                 }
  9.                 
.                         }
.                         
.                         
.                         save "`data'/fig2_reg_data.dta", replace
.                         
.                 }

. /********************************
> * 3. Prep Dummies (Deciles)     *
> ********************************/               
.                 
. if `prepDecDummies' {
.                 
.                 use "`data'/tab1data.dta", clear
.                 
.                         local races "asian chinese japanese korean vietnamese filipino 
> indian black"
.                 
.                         levelsof dec_inc_month, local(ds)
.                         foreach d of local ds {
  2.                                  
.                                 di "d=`d'"
  3.                                 //generate dummy for income ranks
.                                         gen _incr_d`d' = 0 if dec_inc_month!=.
  4.                                         replace _incr_d`d' = 1 if dec_inc_month==`d'
  5.                                 foreach r of local races {
  6.                                         di "race =`r'"
  7.                                 //generate interaction with asian
.                                         gen _ia_`r'_incr_d`d' = `r'*_incr_d`d'
  8.                                 
.                                 }
  9.                         }
.                         
.                         
.                         save "`data'/tab1_reg_data.dta", replace
.                         
.                 }

.                 
. 
. /********************************
> * 4. Gap Regressions            *
> ********************************/
. if `gapReg'{
.                 use "`data'/fig2_reg_data.dta", clear
.                 local races "asian chinese japanese korean vietnamese filipino indian b
> lack"
.                 foreach r of local races {
  2.                 //create interactions
.                         gen _ia_`r'_y = `r'*pctr_inc_month
  3.                 
.                 //run regression for each year and outcome
.                         
.                         
.                         local vars "rentgrs valueh own100"
  4.                         local controls "educ age sex hhtype farm metarea statefip ci
> ty yrimmig"
  5.                         local years "1980,1990,2000,2010,2019"
  6.                         
.                         sum `controls'
  7.                 
.                         replace pctr_own100=own100 //this one is a linear probability m
> odel (no rank necessary)
  8.                         levelsof year, local(years) //grab available years
  9.                         foreach v of local vars {
 10.                                 gen `r'_rgap_`v'_p25=.
 11.                                 gen `r'_rgap_`v'_p50=.
 12.                                 gen `r'_rgap_`v'_p75=.
 13.                                 foreach y of local years {
 14.                         
.                                         //run parametric regression (linear in income r
> ank)
.                                                 reg pctr_`v' pctr_inc_month `r' _ia_`r'
> _y `controls' [aw=hhwt] if year==`y', 
 15.                                         
.                                         //predice race gap at various income ranks
.                                                 replace `r'_rgap_`v'_p25 = _b[`r'] + _b
> [_ia_`r'_y]*25 if year==`y'
 16.                                                 replace `r'_rgap_`v'_p50 = _b[`r'] +
>  _b[_ia_`r'_y]*50 if year==`y'
 17.                                                 replace `r'_rgap_`v'_p75 = _b[`r'] +
>  _b[_ia_`r'_y]*75 if year==`y'
 18.                                 }
 19.                                 
.                         }
 20.                 }
(156 missing values generated)

    Variable |        Obs        Mean    Std. dev.       Min        Max
-------------+---------------------------------------------------------
        educ |  8,689,427    7.051465    2.502192          0         11
         age |  8,689,427    51.02262     17.2866         15         96
         sex |  8,689,427    1.377465    .4847527          1          2
      hhtype |  8,689,427    2.831012    2.375647          1          9
        farm |  8,689,427    1.014392    .1190983          1          2
-------------+---------------------------------------------------------
     metarea |  8,689,427    3519.668    10019.02          0      49740
    statefip |  8,689,427    27.79864    15.80739          1         56
        city |  8,689,427    625.7962    1634.875          0       7590
     yrimmig |  8,689,427    242.0952    648.7658          0       2019
(8,689,427 real changes made)
2000 2010 2019
(8,689,427 missing values generated)
(8,689,427 missing values generated)
(8,689,427 missing values generated)
(sum of wgt is 69,490,770)

      Source |       SS           df       MS      Number of obs   = 1,928,163
-------------+----------------------------------   F(12, 1928150)  =  60514.29
       Model |   445984769        12  37165397.4   Prob > F        =    0.0000
    Residual |  1.1842e+09 1,928,150  614.158984   R-squared       =    0.2736
-------------+----------------------------------   Adj R-squared   =    0.2736
       Total |  1.6302e+09 1,928,162  845.455628   Root MSE        =    24.782

--------------------------------------------------------------------------------
  pctr_rentgrs | Coefficient  Std. err.      t    P>|t|     [95% conf. interval]
---------------+----------------------------------------------------------------
pctr_inc_month |    .406689   .0007668   530.35   0.000      .405186     .408192
         asian |   5.333679   .1695395    31.46   0.000     5.001388    5.665971
   _ia_asian_y |  -.0841411   .0031591   -26.63   0.000    -.0903328   -.0779495
          educ |   1.824443   .0078857   231.36   0.000     1.808987    1.839899
           age |  -.1070156   .0010435  -102.55   0.000    -.1090608   -.1049703
           sex |   1.679532   .0395387    42.48   0.000     1.602038    1.757027
        hhtype |  -.1829281   .0079688   -22.96   0.000    -.1985467   -.1673095
          farm |  -26.42543   .2991475   -88.34   0.000    -27.01175   -25.83911
       metarea |   .0169736   .0000671   252.95   0.000     .0168421    .0171051
      statefip |  -.1442195   .0011303  -127.60   0.000    -.1464348   -.1420042
          city |  -.0000175   .0000102    -1.71   0.087    -.0000375    2.53e-06
       yrimmig |   .0024989   .0000259    96.32   0.000     .0024481    .0025498
         _cons |    49.8399   .3198121   155.84   0.000     49.21308    50.46672
--------------------------------------------------------------------------------
(6,237,009 real changes made)
(6,237,009 real changes made)
(6,237,009 real changes made)
(sum of wgt is 38,636,901)

      Source |       SS           df       MS      Number of obs   =   339,155
-------------+----------------------------------   F(12, 339142)   =  11582.23
       Model |  83267753.4        12  6938979.45   Prob > F        =    0.0000
    Residual |   203181818   339,142  599.105441   R-squared       =    0.2907
-------------+----------------------------------   Adj R-squared   =    0.2907
       Total |   286449571   339,154  844.600302   Root MSE        =    24.477

--------------------------------------------------------------------------------
  pctr_rentgrs | Coefficient  Std. err.      t    P>|t|     [95% conf. interval]
---------------+----------------------------------------------------------------
pctr_inc_month |   .4410231    .001838   239.95   0.000     .4374207    .4446254
         asian |   3.676522   .3759043     9.78   0.000     2.939761    4.413284
   _ia_asian_y |  -.0771809   .0067871   -11.37   0.000    -.0904835   -.0638783
          educ |   1.317177   .0192857    68.30   0.000     1.279378    1.354976
           age |  -.1451616   .0024575   -59.07   0.000    -.1499783   -.1403448
           sex |   3.102144   .0876043    35.41   0.000     2.930443    3.273846
        hhtype |  -.5863719   .0177614   -33.01   0.000    -.6211837   -.5515601
          farm |  -25.70516   .8128002   -31.63   0.000    -27.29822   -24.11209
       metarea |   .0173042   .0001603   107.97   0.000     .0169901    .0176183
      statefip |  -.1827869   .0026349   -69.37   0.000    -.1879512   -.1776225
          city |   .0002066   .0000219     9.42   0.000     .0001636    .0002496
       yrimmig |   .0024504   .0000579    42.30   0.000     .0023368    .0025639
         _cons |     52.289   .8569131    61.02   0.000     50.60948    53.96853
--------------------------------------------------------------------------------
(1,189,942 real changes made)
(1,189,942 real changes made)
(1,189,942 real changes made)
(sum of wgt is 42,980,882)

      Source |       SS           df       MS      Number of obs   =   359,037
-------------+----------------------------------   F(12, 359024)   =  15962.36
       Model |   105305091        12  8775424.22   Prob > F        =    0.0000
    Residual |   197376028   359,024  549.757198   R-squared       =    0.3479
-------------+----------------------------------   Adj R-squared   =    0.3479
       Total |   302681119   359,036  843.038355   Root MSE        =    23.447

--------------------------------------------------------------------------------
  pctr_rentgrs | Coefficient  Std. err.      t    P>|t|     [95% conf. interval]
---------------+----------------------------------------------------------------
pctr_inc_month |   .4487387   .0016909   265.38   0.000     .4454245    .4520529
         asian |   2.012913   .3373472     5.97   0.000     1.351723    2.674104
   _ia_asian_y |  -.0433992     .00584    -7.43   0.000    -.0548454   -.0319529
          educ |   1.617559    .017759    91.08   0.000     1.582752    1.652366
           age |  -.1504155   .0022614   -66.51   0.000    -.1548478   -.1459831
           sex |   2.004995   .0810529    24.74   0.000     1.846134    2.163857
        hhtype |  -.3635972   .0163119   -22.29   0.000    -.3955681   -.3316263
          farm |    -21.205   .7593644   -27.92   0.000    -22.69333   -19.71667
       metarea |   .0003795   2.73e-06   138.81   0.000     .0003741    .0003848
      statefip |  -.1628696    .002439   -66.78   0.000      -.16765   -.1580892
          city |   .0003579   .0000227    15.78   0.000     .0003134    .0004023
       yrimmig |   .0028913   .0000526    54.97   0.000     .0027882    .0029944
         _cons |   41.53805   .8021259    51.78   0.000     39.96591    43.11019
--------------------------------------------------------------------------------
(1,262,476 real changes made)
(1,262,476 real changes made)
(1,262,476 real changes made)
(8,689,427 missing values generated)
(8,689,427 missing values generated)
(8,689,427 missing values generated)
(sum of wgt is 138,377,507)

      Source |       SS           df       MS      Number of obs   = 4,308,690
-------------+----------------------------------   F(12, 4308677)  >  99999.00
       Model |  1.1921e+09        12  99340614.3   Prob > F        =    0.0000
    Residual |  2.3146e+09 4,308,677  537.196354   R-squared       =    0.3399
-------------+----------------------------------   Adj R-squared   =    0.3399
       Total |  3.5067e+09 4,308,689  813.865412   Root MSE        =    23.177

--------------------------------------------------------------------------------
   pctr_valueh | Coefficient  Std. err.      t    P>|t|     [95% conf. interval]
---------------+----------------------------------------------------------------
pctr_inc_month |    .392344   .0004874   805.02   0.000     .3913888    .3932992
         asian |   14.64969   .2063694    70.99   0.000     14.24522    15.05417
   _ia_asian_y |  -.1402113   .0027951   -50.16   0.000    -.1456897    -.134733
          educ |   2.801554   .0050725   552.30   0.000     2.791612    2.811496
           age |   .2087489   .0007328   284.86   0.000     .2073126    .2101852
           sex |  -.2452446   .0299987    -8.18   0.000     -.304041   -.1864481
        hhtype |  -.4876824     .00628   -77.66   0.000    -.4999911   -.4753737
          farm |   11.41419    .095574   119.43   0.000     11.22687    11.60151
       metarea |   .0133747     .00004   334.72   0.000     .0132964     .013453
      statefip |  -.1598266   .0007185  -222.45   0.000    -.1612347   -.1584184
          city |   5.60e-07   8.39e-06     0.07   0.947    -.0000159     .000017
       yrimmig |   .0033321   .0000213   156.16   0.000     .0032902    .0033739
         _cons |  -16.17491   .1226134  -131.92   0.000    -16.41523   -15.93459
--------------------------------------------------------------------------------
(6,237,009 real changes made)
(6,237,009 real changes made)
(6,237,009 real changes made)
(sum of wgt is 74,371,384)

      Source |       SS           df       MS      Number of obs   =   850,524
-------------+----------------------------------   F(12, 850511)   =  32629.39
       Model |   222491464        12  18540955.3   Prob > F        =    0.0000
    Residual |   483284763   850,511  568.228704   R-squared       =    0.3152
-------------+----------------------------------   Adj R-squared   =    0.3152
       Total |   705776227   850,523  829.814393   Root MSE        =    23.838

--------------------------------------------------------------------------------
   pctr_valueh | Coefficient  Std. err.      t    P>|t|     [95% conf. interval]
---------------+----------------------------------------------------------------
pctr_inc_month |   .3857523   .0011444   337.09   0.000     .3835094    .3879952
         asian |    18.1765    .384531    47.27   0.000     17.42284    18.93017
   _ia_asian_y |  -.1450202   .0051958   -27.91   0.000    -.1552039   -.1348365
          educ |   2.627262   .0121052   217.04   0.000     2.603536    2.650988
           age |   .2118299   .0017359   122.03   0.000     .2084275    .2152323
           sex |   .1759803    .055332     3.18   0.001     .0675313    .2844292
        hhtype |  -.4487415   .0127047   -35.32   0.000    -.4736422   -.4238407
          farm |   6.455178   .2344744    27.53   0.000     5.995616    6.914741
       metarea |    .015443   .0000927   166.62   0.000     .0152614    .0156247
      statefip |  -.1354133   .0016488   -82.13   0.000    -.1386448   -.1321817
          city |   .0000526    .000017     3.10   0.002     .0000194    .0000859
       yrimmig |   .0032253   .0000448    71.95   0.000     .0031374    .0033131
         _cons |  -12.24079   .2990654   -40.93   0.000    -12.82695   -11.65463
--------------------------------------------------------------------------------
(1,189,942 real changes made)
(1,189,942 real changes made)
(1,189,942 real changes made)
(sum of wgt is 78,216,825)

      Source |       SS           df       MS      Number of obs   =   903,439
-------------+----------------------------------   F(12, 903426)   =  38909.48
       Model |   256074260        12  21339521.7   Prob > F        =    0.0000
    Residual |   495475100   903,426   548.44016   R-squared       =    0.3407
-------------+----------------------------------   Adj R-squared   =    0.3407
       Total |   751549360   903,438  831.877074   Root MSE        =    23.419

--------------------------------------------------------------------------------
   pctr_valueh | Coefficient  Std. err.      t    P>|t|     [95% conf. interval]
---------------+----------------------------------------------------------------
pctr_inc_month |   .3846672   .0010716   358.96   0.000     .3825669    .3867676
         asian |   17.21103   .3128386    55.02   0.000     16.59788    17.82419
   _ia_asian_y |  -.1167169   .0042147   -27.69   0.000    -.1249775   -.1084562
          educ |   2.364974   .0115496   204.77   0.000     2.342337    2.387611
           age |   .1937285   .0016145   119.99   0.000     .1905641    .1968929
           sex |    .011037   .0509316     0.22   0.828    -.0887873    .1108613
        hhtype |  -.5053678   .0115545   -43.74   0.000    -.5280142   -.4827215
          farm |   8.808331   .2303722    38.24   0.000     8.356809    9.259853
       metarea |    .000343   1.60e-06   213.77   0.000     .0003399    .0003461
      statefip |  -.1802765   .0015616  -115.44   0.000    -.1833371   -.1772158
          city |   .0011509   .0000196    58.65   0.000     .0011124    .0011893
       yrimmig |   .0028481   .0000406    70.23   0.000     .0027686    .0029276
         _cons |  -14.03063   .2922532   -48.01   0.000    -14.60343   -13.45782
--------------------------------------------------------------------------------
(1,262,476 real changes made)
(1,262,476 real changes made)
(1,262,476 real changes made)
(8,689,427 missing values generated)
(8,689,427 missing values generated)
(8,689,427 missing values generated)
(sum of wgt is 207,868,277)

      Source |       SS           df       MS      Number of obs   = 6,236,853
-------------+----------------------------------   F(12, 6236840)  >  99999.00
       Model |  3.5644e+09        12   297032291   Prob > F        =    0.0000
    Residual |  1.0315e+10 6,236,840  1653.94084   R-squared       =    0.2568
-------------+----------------------------------   Adj R-squared   =    0.2568
       Total |  1.3880e+10 6,236,852  2225.44191   Root MSE        =    40.669

--------------------------------------------------------------------------------
   pctr_own100 | Coefficient  Std. err.      t    P>|t|     [95% conf. interval]
---------------+----------------------------------------------------------------
pctr_inc_month |   .4703203   .0006756   696.13   0.000     .4689961    .4716445
         asian |  -8.581531   .2113956   -40.59   0.000    -8.995859   -8.167204
   _ia_asian_y |   .1067144   .0032202    33.14   0.000     .1004029    .1130259
          educ |   .3812281   .0073154    52.11   0.000     .3668902    .3955659
           age |   .8067904   .0009706   831.21   0.000      .804888    .8086928
           sex |  -1.920116   .0404193   -47.50   0.000    -1.999336   -1.840895
        hhtype |   -3.39675   .0082005  -414.21   0.000    -3.412823   -3.380678
          farm |   8.787863    .160483    54.76   0.000     8.473322    9.102404
       metarea |  -.0072999   .0000591  -123.49   0.000    -.0074157    -.007184
      statefip |   .0353845   .0010417    33.97   0.000     .0333428    .0374262
          city |  -.0026541   .0000109  -244.30   0.000    -.0026754   -.0026328
       yrimmig |  -.0062791   .0000277  -226.91   0.000    -.0063334   -.0062249
         _cons |   8.280216   .1918317    43.16   0.000     7.904233      8.6562
--------------------------------------------------------------------------------
(6,237,009 real changes made)
(6,237,009 real changes made)
(6,237,009 real changes made)
(sum of wgt is 113,027,971)

      Source |       SS           df       MS      Number of obs   = 1,189,942
-------------+----------------------------------   F(12, 1189929)  =  37599.46
       Model |   736035735        12  61336311.2   Prob > F        =    0.0000
    Residual |  1.9411e+09 1,189,929  1631.30815   R-squared       =    0.2749
-------------+----------------------------------   Adj R-squared   =    0.2749
       Total |  2.6772e+09 1,189,941  2249.83979   Root MSE        =    40.389

--------------------------------------------------------------------------------
   pctr_own100 | Coefficient  Std. err.      t    P>|t|     [95% conf. interval]
---------------+----------------------------------------------------------------
pctr_inc_month |   .5166147   .0015434   334.72   0.000     .5135896    .5196398
         asian |  -2.402671   .4267486    -5.63   0.000    -3.239083   -1.566258
   _ia_asian_y |   .0132685   .0063512     2.09   0.037     .0008204    .0257166
          educ |   .7669087   .0171869    44.62   0.000      .733223    .8005945
           age |   .8544902   .0022191   385.06   0.000     .8501409    .8588396
           sex |   .5806767   .0783486     7.41   0.000      .427116    .7342373
        hhtype |  -3.033725   .0168917  -179.60   0.000    -3.066833   -3.000618
          farm |   8.414293   .3917867    21.48   0.000     7.646404    9.182182
       metarea |  -.0070318   .0001352   -51.99   0.000    -.0072968   -.0067667
      statefip |   .0575064   .0023457    24.52   0.000      .052909    .0621038
          city |  -.0024898    .000022  -113.38   0.000    -.0025328   -.0024467
       yrimmig |  -.0042713   .0000583   -73.27   0.000    -.0043856   -.0041571
         _cons |  -5.438182   .4619349   -11.77   0.000    -6.343558   -4.532805
--------------------------------------------------------------------------------
(1,189,942 real changes made)
(1,189,942 real changes made)
(1,189,942 real changes made)
(sum of wgt is 121,197,707)

      Source |       SS           df       MS      Number of obs   = 1,262,476
-------------+----------------------------------   F(12, 1262463)  =  37688.48
       Model |   762088204        12  63507350.3   Prob > F        =    0.0000
    Residual |  2.1273e+09 1,262,463  1685.06022   R-squared       =    0.2638
-------------+----------------------------------   Adj R-squared   =    0.2637
       Total |  2.8894e+09 1,262,475  2288.69038   Root MSE        =    41.049

--------------------------------------------------------------------------------
   pctr_own100 | Coefficient  Std. err.      t    P>|t|     [95% conf. interval]
---------------+----------------------------------------------------------------
pctr_inc_month |   .4902124   .0015094   324.78   0.000     .4872541    .4931707
         asian |   2.390392   .3846637     6.21   0.000     1.636464     3.14432
   _ia_asian_y |  -.0247424    .005629    -4.40   0.000     -.035775   -.0137097
          educ |   .8583211    .016899    50.79   0.000     .8251997    .8914425
           age |    .877809   .0021374   410.69   0.000     .8736198    .8819982
           sex |   1.417397   .0754585    18.78   0.000     1.269501    1.565293
        hhtype |  -3.038475   .0160672  -189.11   0.000    -3.069967   -3.006984
          farm |   9.303641   .4000369    23.26   0.000     8.519582     10.0877
       metarea |  -.0001712   2.43e-06   -70.44   0.000     -.000176   -.0001664
      statefip |   .0544084   .0023001    23.65   0.000     .0499003    .0589166
          city |  -.0030793   .0000251  -122.71   0.000    -.0031285   -.0030302
       yrimmig |  -.0040765   .0000551   -73.93   0.000    -.0041846   -.0039685
         _cons |  -9.539819   .4698995   -20.30   0.000    -10.46081   -8.618832
--------------------------------------------------------------------------------
(1,262,476 real changes made)
(1,262,476 real changes made)
(1,262,476 real changes made)
(156 missing values generated)

    Variable |        Obs        Mean    Std. dev.       Min        Max
-------------+---------------------------------------------------------
        educ |  8,689,427    7.051465    2.502192          0         11
         age |  8,689,427    51.02262     17.2866         15         96
         sex |  8,689,427    1.377465    .4847527          1          2
      hhtype |  8,689,427    2.831012    2.375647          1          9
        farm |  8,689,427    1.014392    .1190983          1          2
-------------+---------------------------------------------------------
     metarea |  8,689,427    3519.668    10019.02          0      49740
    statefip |  8,689,427    27.79864    15.80739          1         56
        city |  8,689,427    625.7962    1634.875          0       7590
     yrimmig |  8,689,427    242.0952    648.7658          0       2019
(0 real changes made)
2000 2010 2019
(8,689,427 missing values generated)
(8,689,427 missing values generated)
(8,689,427 missing values generated)
(sum of wgt is 69,490,770)

      Source |       SS           df       MS      Number of obs   = 1,928,163
-------------+----------------------------------   F(12, 1928150)  =  60429.56
       Model |   445530968        12  37127580.6   Prob > F        =    0.0000
    Residual |  1.1846e+09 1,928,150   614.39434   R-squared       =    0.2733
-------------+----------------------------------   Adj R-squared   =    0.2733
       Total |  1.6302e+09 1,928,162  845.455628   Root MSE        =    24.787

--------------------------------------------------------------------------------
  pctr_rentgrs | Coefficient  Std. err.      t    P>|t|     [95% conf. interval]
---------------+----------------------------------------------------------------
pctr_inc_month |   .4033161   .0007543   534.69   0.000     .4018377    .4047946
       chinese |   2.024802   .3250832     6.23   0.000      1.38765    2.661953
 _ia_chinese_y |  -.0892593   .0065218   -13.69   0.000    -.1020418   -.0764767
          educ |   1.845678    .007823   235.93   0.000     1.830345    1.861011
           age |  -.1068169   .0010437  -102.35   0.000    -.1088625   -.1047713
           sex |   1.653924   .0395394    41.83   0.000     1.576428     1.73142
        hhtype |  -.1844414   .0079692   -23.14   0.000    -.2000608    -.168822
          farm |  -26.42727   .2992024   -88.33   0.000     -27.0137   -25.84085
       metarea |   .0170021   .0000671   253.35   0.000     .0168706    .0171337
      statefip |  -.1449966   .0011301  -128.30   0.000    -.1472117   -.1427816
          city |  -.0000124   .0000102    -1.22   0.224    -.0000325    7.61e-06
       yrimmig |   .0026781   .0000246   108.88   0.000     .0026299    .0027263
         _cons |   49.88147   .3197916   155.98   0.000     49.25469    50.50825
--------------------------------------------------------------------------------
(6,237,009 real changes made)
(6,237,009 real changes made)
(6,237,009 real changes made)
(sum of wgt is 38,636,901)

      Source |       SS           df       MS      Number of obs   =   339,155
-------------+----------------------------------   F(12, 339142)   =  11573.84
       Model |  83224941.4        12  6935411.78   Prob > F        =    0.0000
    Residual |   203224630   339,142  599.231678   R-squared       =    0.2905
-------------+----------------------------------   Adj R-squared   =    0.2905
       Total |   286449571   339,154  844.600302   Root MSE        =    24.479

--------------------------------------------------------------------------------
  pctr_rentgrs | Coefficient  Std. err.      t    P>|t|     [95% conf. interval]
---------------+----------------------------------------------------------------
pctr_inc_month |   .4368385   .0018017   242.46   0.000     .4333072    .4403699
       chinese |  -1.322868   .7148172    -1.85   0.064    -2.723889    .0781526
 _ia_chinese_y |   -.039852   .0139719    -2.85   0.004    -.0672364   -.0124676
          educ |   1.322572   .0190907    69.28   0.000     1.285155    1.359989
           age |  -.1445701   .0024582   -58.81   0.000     -.149388   -.1397522
           sex |   3.085768   .0875957    35.23   0.000     2.914083    3.257453
        hhtype |  -.5851171     .01776   -32.95   0.000    -.6199261   -.5503081
          farm |  -25.67712   .8128795   -31.59   0.000    -27.27034    -24.0839
       metarea |   .0173212   .0001603   108.07   0.000     .0170071    .0176354
      statefip |   -.183274   .0026342   -69.57   0.000    -.1884371    -.178111
          city |   .0002148   .0000219     9.79   0.000     .0001718    .0002578
       yrimmig |   .0025225   .0000551    45.80   0.000     .0024145    .0026304
         _cons |   52.37206   .8568289    61.12   0.000     50.69271    54.05142
--------------------------------------------------------------------------------
(1,189,942 real changes made)
(1,189,942 real changes made)
(1,189,942 real changes made)
(sum of wgt is 42,980,882)

      Source |       SS           df       MS      Number of obs   =   359,037
-------------+----------------------------------   F(12, 359024)   =  15957.08
       Model |   105282342        12  8773528.49   Prob > F        =    0.0000
    Residual |   197398777   359,024  549.820561   R-squared       =    0.3478
-------------+----------------------------------   Adj R-squared   =    0.3478
       Total |   302681119   359,036  843.038355   Root MSE        =    23.448

--------------------------------------------------------------------------------
  pctr_rentgrs | Coefficient  Std. err.      t    P>|t|     [95% conf. interval]
---------------+----------------------------------------------------------------
pctr_inc_month |    .445437    .001653   269.47   0.000     .4421971    .4486769
       chinese |   -1.86878     .61262    -3.05   0.002    -3.069497   -.6680626
 _ia_chinese_y |   .0135254   .0114328     1.18   0.237    -.0088826    .0359333
          educ |   1.618113   .0175928    91.98   0.000     1.583631    1.652594
           age |  -.1502044   .0022617   -66.41   0.000    -.1546372   -.1457716
           sex |   1.999233    .081028    24.67   0.000      1.84042    2.158045
        hhtype |  -.3628614   .0163126   -22.24   0.000    -.3948337   -.3308892
          farm |  -21.17058   .7593966   -27.88   0.000    -22.65898   -19.68219
       metarea |   .0003797   2.73e-06   138.91   0.000     .0003743    .0003851
      statefip |  -.1630979   .0024387   -66.88   0.000    -.1678776   -.1583182
          city |   .0003633   .0000227    16.01   0.000     .0003189    .0004078
       yrimmig |   .0029142   .0000502    58.09   0.000     .0028159    .0030125
         _cons |   41.61564   .8020611    51.89   0.000     40.04363    43.18766
--------------------------------------------------------------------------------
(1,262,476 real changes made)
(1,262,476 real changes made)
(1,262,476 real changes made)
(8,689,427 missing values generated)
(8,689,427 missing values generated)
(8,689,427 missing values generated)
(sum of wgt is 138,377,507)

      Source |       SS           df       MS      Number of obs   = 4,308,690
-------------+----------------------------------   F(12, 4308677)  >  99999.00
       Model |  1.1903e+09        12    99194363   Prob > F        =    0.0000
    Residual |  2.3164e+09 4,308,677  537.603675   R-squared       =    0.3394
-------------+----------------------------------   Adj R-squared   =    0.3394
       Total |  3.5067e+09 4,308,689  813.865412   Root MSE        =    23.186

--------------------------------------------------------------------------------
   pctr_valueh | Coefficient  Std. err.      t    P>|t|     [95% conf. interval]
---------------+----------------------------------------------------------------
pctr_inc_month |   .3909496   .0004845   806.85   0.000     .3899999    .3918993
       chinese |   20.29024   .3724965    54.47   0.000     19.56016    21.02032
 _ia_chinese_y |  -.2155902   .0050508   -42.68   0.000    -.2254895   -.2056909
          educ |   2.818083   .0050645   556.44   0.000     2.808156    2.828009
           age |   .2081913   .0007329   284.05   0.000     .2067548    .2096279
           sex |  -.2448746   .0300103    -8.16   0.000    -.3036937   -.1860556
        hhtype |  -.4919316    .006282   -78.31   0.000     -.504244   -.4796192
          farm |    11.4158   .0956102   119.40   0.000     11.22841    11.60319
       metarea |   .0134169     .00004   335.70   0.000     .0133386    .0134953
      statefip |  -.1607361   .0007185  -223.70   0.000    -.1621444   -.1593278
          city |   3.95e-07   8.40e-06     0.05   0.963    -.0000161    .0000169
       yrimmig |    .003679   .0000202   182.42   0.000     .0036395    .0037186
         _cons |  -16.14106   .1225785  -131.68   0.000    -16.38131   -15.90081
--------------------------------------------------------------------------------
(6,237,009 real changes made)
(6,237,009 real changes made)
(6,237,009 real changes made)
(sum of wgt is 74,371,384)

      Source |       SS           df       MS      Number of obs   =   850,524
-------------+----------------------------------   F(12, 850511)   =  32482.17
       Model |   221803112        12  18483592.7   Prob > F        =    0.0000
    Residual |   483973115   850,511  569.038043   R-squared       =    0.3143
-------------+----------------------------------   Adj R-squared   =    0.3143
       Total |   705776227   850,523  829.814393   Root MSE        =    23.855

--------------------------------------------------------------------------------
   pctr_valueh | Coefficient  Std. err.      t    P>|t|     [95% conf. interval]
---------------+----------------------------------------------------------------
pctr_inc_month |    .383482   .0011337   338.27   0.000       .38126    .3857039
       chinese |   27.15122   .7128859    38.09   0.000     25.75398    28.54845
 _ia_chinese_y |  -.2181339    .009655   -22.59   0.000    -.2370574   -.1992103
          educ |   2.663924   .0120722   220.67   0.000     2.640263    2.687585
           age |   .2108447   .0017369   121.39   0.000     .2074404     .214249
           sex |   .1515872   .0553678     2.74   0.006     .0430681    .2601062
        hhtype |  -.4562277   .0127117   -35.89   0.000    -.4811422   -.4313132
          farm |   6.475449   .2346404    27.60   0.000     6.015561    6.935336
       metarea |   .0154932   .0000927   167.06   0.000     .0153114    .0156749
      statefip |  -.1363121   .0016497   -82.63   0.000    -.1395455   -.1330787
          city |    .000048    .000017     2.83   0.005     .0000147    .0000812
       yrimmig |   .0038413   .0000417    92.01   0.000     .0037595    .0039231
         _cons |  -12.25285   .2990225   -40.98   0.000    -12.83893   -11.66678
--------------------------------------------------------------------------------
(1,189,942 real changes made)
(1,189,942 real changes made)
(1,189,942 real changes made)
(sum of wgt is 78,216,825)

      Source |       SS           df       MS      Number of obs   =   903,439
-------------+----------------------------------   F(12, 903426)   =  38666.40
       Model |   255017314        12  21251442.8   Prob > F        =    0.0000
    Residual |   496532047   903,426  549.610092   R-squared       =    0.3393
-------------+----------------------------------   Adj R-squared   =    0.3393
       Total |   751549360   903,438  831.877074   Root MSE        =    23.444

--------------------------------------------------------------------------------
   pctr_valueh | Coefficient  Std. err.      t    P>|t|     [95% conf. interval]
---------------+----------------------------------------------------------------
pctr_inc_month |   .3831048   .0010587   361.85   0.000     .3810297    .3851799
       chinese |   25.19358   .5532724    45.54   0.000     24.10919    26.27798
 _ia_chinese_y |  -.1807439   .0075661   -23.89   0.000    -.1955733   -.1659145
          educ |   2.411817   .0115162   209.43   0.000     2.389246    2.434389
           age |   .1927979   .0016161   119.30   0.000     .1896304    .1959654
           sex |  -.0368939   .0509773    -0.72   0.469    -.1368077    .0630199
        hhtype |  -.5127514   .0115648   -44.34   0.000    -.5354181   -.4900847
          farm |   8.815912   .2306166    38.23   0.000     8.363912    9.267913
       metarea |   .0003454   1.61e-06   215.13   0.000     .0003422    .0003485
      statefip |  -.1815138    .001563  -116.13   0.000    -.1845773   -.1784503
          city |   .0011218   .0000197    57.07   0.000     .0010832    .0011603
       yrimmig |   .0036161   .0000376    96.26   0.000     .0035425    .0036897
         _cons |  -14.12937   .2923326   -48.33   0.000    -14.70234   -13.55641
--------------------------------------------------------------------------------
(1,262,476 real changes made)
(1,262,476 real changes made)
(1,262,476 real changes made)
(8,689,427 missing values generated)
(8,689,427 missing values generated)
(8,689,427 missing values generated)
(sum of wgt is 207,868,277)

      Source |       SS           df       MS      Number of obs   = 6,236,853
-------------+----------------------------------   F(12, 6236840)  >  99999.00
       Model |  3.5635e+09        12   296958466   Prob > F        =    0.0000
    Residual |  1.0316e+10 6,236,840  1654.08288   R-squared       =    0.2567
-------------+----------------------------------   Adj R-squared   =    0.2567
       Total |  1.3880e+10 6,236,852  2225.44191   Root MSE        =     40.67

--------------------------------------------------------------------------------
   pctr_own100 | Coefficient  Std. err.      t    P>|t|     [95% conf. interval]
---------------+----------------------------------------------------------------
pctr_inc_month |   .4727221   .0006692   706.45   0.000     .4714106    .4740336
       chinese |  -3.120255   .3968187    -7.86   0.000    -3.898006   -2.342505
 _ia_chinese_y |   .1384872   .0060799    22.78   0.000     .1265708    .1504036
          educ |   .3529513   .0072873    48.43   0.000     .3386683    .3672342
           age |    .807022   .0009706   831.50   0.000     .8051198    .8089243
           sex |  -1.898882   .0404185   -46.98   0.000    -1.978101   -1.819664
        hhtype |  -3.392195   .0082004  -413.66   0.000    -3.408268   -3.376123
          farm |   8.783545   .1604898    54.73   0.000     8.468991      9.0981
       metarea |  -.0073518   .0000591  -124.38   0.000    -.0074676   -.0072359
      statefip |   .0365548   .0010415    35.10   0.000     .0345136     .038596
          city |  -.0026652   .0000109  -245.27   0.000    -.0026865   -.0026439
       yrimmig |  -.0066314   .0000262  -253.45   0.000    -.0066827   -.0065801
         _cons |   8.274907   .1917258    43.16   0.000     7.899131    8.650683
--------------------------------------------------------------------------------
(6,237,009 real changes made)
(6,237,009 real changes made)
(6,237,009 real changes made)
(sum of wgt is 113,027,971)

      Source |       SS           df       MS      Number of obs   = 1,189,942
-------------+----------------------------------   F(12, 1189929)  =  37607.71
       Model |   736152770        12  61346064.2   Prob > F        =    0.0000
    Residual |  1.9410e+09 1,189,929  1631.20979   R-squared       =    0.2750
-------------+----------------------------------   Adj R-squared   =    0.2750
       Total |  2.6772e+09 1,189,941  2249.83979   Root MSE        =    40.388

--------------------------------------------------------------------------------
   pctr_own100 | Coefficient  Std. err.      t    P>|t|     [95% conf. interval]
---------------+----------------------------------------------------------------
pctr_inc_month |   .5163321   .0015242   338.75   0.000     .5133446    .5193195
       chinese |   .7843161   .8017501     0.98   0.328    -.7870869    2.355719
 _ia_chinese_y |   .0571048   .0120515     4.74   0.000     .0334843    .0807254
          educ |   .7402063   .0170906    43.31   0.000     .7067092    .7737034
           age |   .8544316   .0022191   385.03   0.000     .8500823     .858781
           sex |   .5963318   .0783369     7.61   0.000     .4427942    .7498694
        hhtype |  -3.032413   .0168887  -179.55   0.000    -3.065514   -2.999311
          farm |   8.418009   .3917715    21.49   0.000      7.65015    9.185868
       metarea |  -.0070703   .0001352   -52.28   0.000    -.0073353   -.0068052
      statefip |   .0585158    .002345    24.95   0.000     .0539196     .063112
          city |  -.0024965    .000022  -113.68   0.000    -.0025395   -.0024534
       yrimmig |  -.0045532   .0000548   -83.16   0.000    -.0046605   -.0044459
         _cons |  -5.286864   .4616492   -11.45   0.000    -6.191681   -4.382047
--------------------------------------------------------------------------------
(1,189,942 real changes made)
(1,189,942 real changes made)
(1,189,942 real changes made)
(sum of wgt is 121,197,707)

      Source |       SS           df       MS      Number of obs   = 1,262,476
-------------+----------------------------------   F(12, 1262463)  =  37757.97
       Model |   763122326        12  63593527.2   Prob > F        =    0.0000
    Residual |  2.1263e+09 1,262,463  1684.24109   R-squared       =    0.2641
-------------+----------------------------------   Adj R-squared   =    0.2641
       Total |  2.8894e+09 1,262,475  2288.69038   Root MSE        =     41.04

--------------------------------------------------------------------------------
   pctr_own100 | Coefficient  Std. err.      t    P>|t|     [95% conf. interval]
---------------+----------------------------------------------------------------
pctr_inc_month |   .4887995   .0014853   329.09   0.000     .4858883    .4917106
       chinese |   8.473835   .6906799    12.27   0.000     7.120126    9.827544
 _ia_chinese_y |   .0013704   .0102982     0.13   0.894    -.0188138    .0215545
          educ |   .8423593   .0167963    50.15   0.000     .8094392    .8752794
           age |   .8777699   .0021367   410.81   0.000     .8735821    .8819577
           sex |   1.416013   .0754224    18.77   0.000     1.268188    1.563838
        hhtype |  -3.041104   .0160608  -189.35   0.000    -3.072583   -3.009625
          farm |   9.306206   .3999349    23.27   0.000     8.522348    10.09007
       metarea |  -.0001718   2.43e-06   -70.72   0.000    -.0001765    -.000167
      statefip |   .0551906   .0022992    24.00   0.000     .0506843    .0596969
          city |  -.0030997   .0000251  -123.48   0.000    -.0031489   -.0030505
       yrimmig |  -.0042205   .0000517   -81.65   0.000    -.0043218   -.0041191
         _cons |  -9.349675   .4695511   -19.91   0.000    -10.26998   -8.429371
--------------------------------------------------------------------------------
(1,262,476 real changes made)
(1,262,476 real changes made)
(1,262,476 real changes made)
(156 missing values generated)

    Variable |        Obs        Mean    Std. dev.       Min        Max
-------------+---------------------------------------------------------
        educ |  8,689,427    7.051465    2.502192          0         11
         age |  8,689,427    51.02262     17.2866         15         96
         sex |  8,689,427    1.377465    .4847527          1          2
      hhtype |  8,689,427    2.831012    2.375647          1          9
        farm |  8,689,427    1.014392    .1190983          1          2
-------------+---------------------------------------------------------
     metarea |  8,689,427    3519.668    10019.02          0      49740
    statefip |  8,689,427    27.79864    15.80739          1         56
        city |  8,689,427    625.7962    1634.875          0       7590
     yrimmig |  8,689,427    242.0952    648.7658          0       2019
(0 real changes made)
2000 2010 2019
(8,689,427 missing values generated)
(8,689,427 missing values generated)
(8,689,427 missing values generated)
(sum of wgt is 69,490,770)

      Source |       SS           df       MS      Number of obs   = 1,928,163
-------------+----------------------------------   F(12, 1928150)  =  60444.40
       Model |   445610474        12  37134206.2   Prob > F        =    0.0000
    Residual |  1.1846e+09 1,928,150  614.353105   R-squared       =    0.2734
-------------+----------------------------------   Adj R-squared   =    0.2733
       Total |  1.6302e+09 1,928,162  845.455628   Root MSE        =    24.786

--------------------------------------------------------------------------------
  pctr_rentgrs | Coefficient  Std. err.      t    P>|t|     [95% conf. interval]
---------------+----------------------------------------------------------------
pctr_inc_month |   .4024207   .0007521   535.06   0.000     .4009466    .4038948
      japanese |   7.342306   .5835035    12.58   0.000     6.198659    8.485952
_ia_japanese_y |   -.027762   .0101213    -2.74   0.006    -.0475994   -.0079247
          educ |   1.833845   .0078138   234.69   0.000      1.81853     1.84916
           age |  -.1071205   .0010437  -102.64   0.000    -.1091661    -.105075
           sex |   1.651623   .0395328    41.78   0.000      1.57414    1.729106
        hhtype |  -.1855146   .0079695   -23.28   0.000    -.2011346   -.1698947
          farm |  -26.41543   .2991925   -88.29   0.000    -27.00184   -25.82902
       metarea |   .0169984   .0000671   253.31   0.000     .0168669    .0171299
      statefip |  -.1445171   .0011302  -127.86   0.000    -.1467324   -.1423019
          city |  -.0000127   .0000102    -1.25   0.213    -.0000328    7.29e-06
       yrimmig |   .0026175   .0000243   107.58   0.000     .0025698    .0026652
         _cons |   49.97798   .3197637   156.30   0.000     49.35126    50.60471
--------------------------------------------------------------------------------
(6,237,009 real changes made)
(6,237,009 real changes made)
(6,237,009 real changes made)
(sum of wgt is 38,636,901)

      Source |       SS           df       MS      Number of obs   =   339,155
-------------+----------------------------------   F(12, 339142)   =  11569.92
       Model |  83204940.2        12  6933745.01   Prob > F        =    0.0000
    Residual |   203244631   339,142  599.290653   R-squared       =    0.2905
-------------+----------------------------------   Adj R-squared   =    0.2904
       Total |   286449571   339,154  844.600302   Root MSE        =     24.48

--------------------------------------------------------------------------------
  pctr_rentgrs | Coefficient  Std. err.      t    P>|t|     [95% conf. interval]
---------------+----------------------------------------------------------------
pctr_inc_month |   .4362892    .001795   243.06   0.000     .4327711    .4398072
      japanese |   3.851404   1.529912     2.52   0.012     .8528211    6.849987
_ia_japanese_y |   .0003452   .0262797     0.01   0.990    -.0511622    .0518525
          educ |   1.310028   .0190721    68.69   0.000     1.272648    1.347409
           age |  -.1449466   .0024579   -58.97   0.000    -.1497641   -.1401292
           sex |   3.091985   .0875982    35.30   0.000     2.920295    3.263675
        hhtype |  -.5860627   .0177618   -33.00   0.000    -.6208753   -.5512502
          farm |  -25.66682    .812918   -31.57   0.000    -27.26011   -24.07352
       metarea |   .0173194   .0001603   108.06   0.000     .0170052    .0176335
      statefip |  -.1828269   .0026346   -69.40   0.000    -.1879906   -.1776633
          city |   .0002111   .0000219     9.62   0.000     .0001681     .000254
       yrimmig |   .0024483   .0000545    44.95   0.000     .0023416    .0025551
         _cons |   52.45895   .8568465    61.22   0.000     50.77955    54.13834
--------------------------------------------------------------------------------
(1,189,942 real changes made)
(1,189,942 real changes made)
(1,189,942 real changes made)
(sum of wgt is 42,980,882)

      Source |       SS           df       MS      Number of obs   =   359,037
-------------+----------------------------------   F(12, 359024)   =  15961.57
       Model |   105301666        12  8775138.85   Prob > F        =    0.0000
    Residual |   197379453   359,024  549.766736   R-squared       =    0.3479
-------------+----------------------------------   Adj R-squared   =    0.3479
       Total |   302681119   359,036  843.038355   Root MSE        =    23.447

--------------------------------------------------------------------------------
  pctr_rentgrs | Coefficient  Std. err.      t    P>|t|     [95% conf. interval]
---------------+----------------------------------------------------------------
pctr_inc_month |   .4456789   .0016434   271.19   0.000     .4424578       .4489
      japanese |   6.974282   1.659713     4.20   0.000     3.721292    10.22727
_ia_japanese_y |   -.027108    .028129    -0.96   0.335      -.08224    .0280241
          educ |   1.610553   .0175722    91.65   0.000     1.576112    1.644994
           age |   -.150541   .0022617   -66.56   0.000    -.1549738   -.1461081
           sex |   2.008035   .0810248    24.78   0.000     1.849228    2.166841
        hhtype |  -.3635535   .0163108   -22.29   0.000    -.3955221   -.3315848
          farm |  -21.16625   .7593598   -27.87   0.000    -22.65457   -19.67792
       metarea |   .0003794   2.73e-06   138.81   0.000      .000374    .0003848
      statefip |  -.1627448   .0024386   -66.74   0.000    -.1675244   -.1579651
          city |    .000361   .0000227    15.92   0.000     .0003166    .0004054
       yrimmig |   .0028711   .0000496    57.87   0.000     .0027738    .0029683
         _cons |   41.65075   .8019763    51.94   0.000      40.0789     43.2226
--------------------------------------------------------------------------------
(1,262,476 real changes made)
(1,262,476 real changes made)
(1,262,476 real changes made)
(8,689,427 missing values generated)
(8,689,427 missing values generated)
(8,689,427 missing values generated)
(sum of wgt is 138,377,507)

      Source |       SS           df       MS      Number of obs   = 4,308,690
-------------+----------------------------------   F(12, 4308677)  >  99999.00
       Model |  1.1913e+09        12  99274817.8   Prob > F        =    0.0000
    Residual |  2.3154e+09 4,308,677  537.379603   R-squared       =    0.3397
-------------+----------------------------------   Adj R-squared   =    0.3397
       Total |  3.5067e+09 4,308,689  813.865412   Root MSE        =    23.181

--------------------------------------------------------------------------------
   pctr_valueh | Coefficient  Std. err.      t    P>|t|     [95% conf. interval]
---------------+----------------------------------------------------------------
pctr_inc_month |   .3895688   .0004837   805.36   0.000     .3886207    .3905168
      japanese |   23.46235   .5241544    44.76   0.000     22.43503    24.48967
_ia_japanese_y |  -.1406696   .0074744   -18.82   0.000    -.1553192   -.1260201
          educ |    2.82051   .0050588   557.55   0.000     2.810595    2.830425
           age |   .2068043   .0007329   282.17   0.000     .2053678    .2082407
           sex |  -.2593576   .0300039    -8.64   0.000    -.3181641   -.2005511
        hhtype |  -.4974697   .0062803   -79.21   0.000     -.509779   -.4851605
          farm |   11.42058   .0955902   119.47   0.000     11.23322    11.60793
       metarea |   .0134202     .00004   335.89   0.000     .0133419    .0134985
      statefip |  -.1595276   .0007187  -221.97   0.000    -.1609361    -.158119
          city |   .0000125   8.39e-06     1.49   0.137    -3.96e-06    .0000289
       yrimmig |   .0038019   .0000198   192.38   0.000     .0037632    .0038407
         _cons |  -16.04726   .1225203  -130.98   0.000     -16.2874   -15.80713
--------------------------------------------------------------------------------
(6,237,009 real changes made)
(6,237,009 real changes made)
(6,237,009 real changes made)
(sum of wgt is 74,371,384)

      Source |       SS           df       MS      Number of obs   =   850,524
-------------+----------------------------------   F(12, 850511)   =  32316.34
       Model |   221025338        12  18418778.2   Prob > F        =    0.0000
    Residual |   484750889   850,511  569.952521   R-squared       =    0.3132
-------------+----------------------------------   Adj R-squared   =    0.3132
       Total |   705776227   850,523  829.814393   Root MSE        =    23.874

--------------------------------------------------------------------------------
   pctr_valueh | Coefficient  Std. err.      t    P>|t|     [95% conf. interval]
---------------+----------------------------------------------------------------
pctr_inc_month |   .3816519   .0011315   337.29   0.000     .3794341    .3838696
      japanese |   25.89491   1.198344    21.61   0.000      23.5462    28.24363
_ia_japanese_y |  -.1579748   .0172384    -9.16   0.000    -.1917616   -.1241881
          educ |   2.682781   .0120677   222.31   0.000     2.659129    2.706433
           age |   .2087545   .0017389   120.05   0.000     .2053464    .2121626
           sex |   .1227709   .0554108     2.22   0.027     .0141676    .2313741
        hhtype |  -.4637858   .0127211   -36.46   0.000    -.4887188   -.4388529
          farm |   6.478568   .2348301    27.59   0.000     6.018309    6.938828
       metarea |   .0155396   .0000928   167.45   0.000     .0153577    .0157215
      statefip |  -.1361833   .0016515   -82.46   0.000    -.1394201   -.1329465
          city |   .0000699    .000017     4.12   0.000     .0000366    .0001032
       yrimmig |   .0041842   .0000409   102.20   0.000      .004104    .0042644
         _cons |  -12.16296   .2991675   -40.66   0.000    -12.74932    -11.5766
--------------------------------------------------------------------------------
(1,189,942 real changes made)
(1,189,942 real changes made)
(1,189,942 real changes made)
(sum of wgt is 78,216,825)

      Source |       SS           df       MS      Number of obs   =   903,439
-------------+----------------------------------   F(12, 903426)   =  38291.80
       Model |   253379665        12  21114972.1   Prob > F        =    0.0000
    Residual |   498169696   903,426  551.422801   R-squared       =    0.3371
-------------+----------------------------------   Adj R-squared   =    0.3371
       Total |   751549360   903,438  831.877074   Root MSE        =    23.482

--------------------------------------------------------------------------------
   pctr_valueh | Coefficient  Std. err.      t    P>|t|     [95% conf. interval]
---------------+----------------------------------------------------------------
pctr_inc_month |   .3806365   .0010556   360.59   0.000     .3785675    .3827054
      japanese |   21.94675   1.157894    18.95   0.000     19.67731    24.21618
_ia_japanese_y |  -.1136291   .0169615    -6.70   0.000    -.1468731   -.0803851
          educ |   2.443317   .0115171   212.15   0.000     2.420744     2.46589
           age |   .1900418   .0016192   117.36   0.000     .1868682    .1932155
           sex |  -.0560608   .0510613    -1.10   0.272    -.1561394    .0440177
        hhtype |  -.5201855   .0115828   -44.91   0.000    -.5428875   -.4974836
          farm |   8.845311   .2309962    38.29   0.000     8.392566    9.298056
       metarea |   .0003464   1.61e-06   215.38   0.000     .0003432    .0003495
      statefip |  -.1820117   .0015658  -116.24   0.000    -.1850806   -.1789428
          city |    .001175   .0000197    59.73   0.000     .0011364    .0012135
       yrimmig |    .004065   .0000368   110.54   0.000      .003993    .0041371
         _cons |  -14.08698    .292729   -48.12   0.000    -14.66072   -13.51324
--------------------------------------------------------------------------------
(1,262,476 real changes made)
(1,262,476 real changes made)
(1,262,476 real changes made)
(8,689,427 missing values generated)
(8,689,427 missing values generated)
(8,689,427 missing values generated)
(sum of wgt is 207,868,277)

      Source |       SS           df       MS      Number of obs   = 6,236,853
-------------+----------------------------------   F(12, 6236840)  >  99999.00
       Model |  3.5625e+09        12   296873447   Prob > F        =    0.0000
    Residual |  1.0317e+10 6,236,840  1654.24646   R-squared       =    0.2567
-------------+----------------------------------   Adj R-squared   =    0.2567
       Total |  1.3880e+10 6,236,852  2225.44191   Root MSE        =    40.672

--------------------------------------------------------------------------------
   pctr_own100 | Coefficient  Std. err.      t    P>|t|     [95% conf. interval]
---------------+----------------------------------------------------------------
pctr_inc_month |   .4745866   .0006678   710.72   0.000     .4732778    .4758953
      japanese |   6.935489   .6528938    10.62   0.000      5.65584    8.215137
_ia_japanese_y |  -.1838213    .009916   -18.54   0.000    -.2032563   -.1643864
          educ |   .3649955   .0072796    50.14   0.000     .3507277    .3792633
           age |   .8074828   .0009707   831.83   0.000     .8055802    .8093854
           sex |  -1.894149   .0404182   -46.86   0.000    -1.973368   -1.814931
        hhtype |  -3.391998   .0082008  -413.62   0.000    -3.408071   -3.375925
          farm |   8.778624   .1604979    54.70   0.000     8.464054    9.093194
       metarea |   -.007329   .0000591  -123.99   0.000    -.0074448   -.0072131
      statefip |   .0356131   .0010418    34.18   0.000     .0335712     .037655
          city |  -.0026627   .0000109  -245.13   0.000     -.002684   -.0026414
       yrimmig |  -.0065047   .0000258  -252.58   0.000    -.0065552   -.0064542
         _cons |   8.106556   .1916945    42.29   0.000     7.730841     8.48227
--------------------------------------------------------------------------------
(6,237,009 real changes made)
(6,237,009 real changes made)
(6,237,009 real changes made)
(sum of wgt is 113,027,971)

      Source |       SS           df       MS      Number of obs   = 1,189,942
-------------+----------------------------------   F(12, 1189929)  =  37606.95
       Model |   736142001        12  61345166.8   Prob > F        =    0.0000
    Residual |  1.9410e+09 1,189,929  1631.21884   R-squared       =    0.2750
-------------+----------------------------------   Adj R-squared   =    0.2750
       Total |  2.6772e+09 1,189,941  2249.83979   Root MSE        =    40.388

--------------------------------------------------------------------------------
   pctr_own100 | Coefficient  Std. err.      t    P>|t|     [95% conf. interval]
---------------+----------------------------------------------------------------
pctr_inc_month |   .5177279   .0015197   340.67   0.000     .5147493    .5207065
      japanese |   6.716565   1.547809     4.34   0.000     3.682913    9.750217
_ia_japanese_y |  -.2024285   .0235188    -8.61   0.000    -.2485246   -.1563324
          educ |   .7536325   .0170691    44.15   0.000     .7201777    .7870874
           age |   .8548011   .0022196   385.11   0.000     .8504507    .8591515
           sex |   .5891595   .0783347     7.52   0.000     .4356262    .7426928
        hhtype |  -3.031567   .0168887  -179.50   0.000    -3.064668   -2.998466
          farm |   8.401393   .3917737    21.44   0.000     7.633529    9.169256
       metarea |  -.0070466   .0001352   -52.11   0.000    -.0073116   -.0067816
      statefip |   .0575532   .0023455    24.54   0.000     .0529562    .0621503
          city |  -.0024915    .000022  -113.50   0.000    -.0025346   -.0024485
       yrimmig |  -.0044353   .0000539   -82.34   0.000    -.0045409   -.0043297
         _cons |  -5.414513   .4615683   -11.73   0.000    -6.319171   -4.509855
--------------------------------------------------------------------------------
(1,189,942 real changes made)
(1,189,942 real changes made)
(1,189,942 real changes made)
(sum of wgt is 121,197,707)

      Source |       SS           df       MS      Number of obs   = 1,262,476
-------------+----------------------------------   F(12, 1262463)  =  37697.41
       Model |   762221259        12  63518438.2   Prob > F        =    0.0000
    Residual |  2.1272e+09 1,262,463  1684.95483   R-squared       =    0.2638
-------------+----------------------------------   Adj R-squared   =    0.2638
       Total |  2.8894e+09 1,262,475  2288.69038   Root MSE        =    41.048

--------------------------------------------------------------------------------
   pctr_own100 | Coefficient  Std. err.      t    P>|t|     [95% conf. interval]
---------------+----------------------------------------------------------------
pctr_inc_month |   .4896873   .0014783   331.24   0.000     .4867898    .4925848
      japanese |   10.26538   1.640417     6.26   0.000      7.05022    13.48054
_ia_japanese_y |  -.2423626   .0251117    -9.65   0.000    -.2915808   -.1931444
          educ |   .8691894    .016774    51.82   0.000     .8363129    .9020659
           age |   .8778665   .0021377   410.65   0.000     .8736766    .8820564
           sex |    1.40696   .0754374    18.65   0.000     1.259105    1.554815
        hhtype |  -3.040143   .0160632  -189.26   0.000    -3.071626   -3.008659
          farm |   9.303753   .4000187    23.26   0.000      8.51973    10.08778
       metarea |  -.0001705   2.43e-06   -70.19   0.000    -.0001753   -.0001658
      statefip |    .053816   .0022999    23.40   0.000     .0493083    .0583237
          city |  -.0030764   .0000251  -122.62   0.000    -.0031255   -.0030272
       yrimmig |   -.003969   .0000508   -78.11   0.000    -.0040686   -.0038694
         _cons |   -9.56097   .4695578   -20.36   0.000    -10.48129   -8.640652
--------------------------------------------------------------------------------
(1,262,476 real changes made)
(1,262,476 real changes made)
(1,262,476 real changes made)
(156 missing values generated)

    Variable |        Obs        Mean    Std. dev.       Min        Max
-------------+---------------------------------------------------------
        educ |  8,689,427    7.051465    2.502192          0         11
         age |  8,689,427    51.02262     17.2866         15         96
         sex |  8,689,427    1.377465    .4847527          1          2
      hhtype |  8,689,427    2.831012    2.375647          1          9
        farm |  8,689,427    1.014392    .1190983          1          2
-------------+---------------------------------------------------------
     metarea |  8,689,427    3519.668    10019.02          0      49740
    statefip |  8,689,427    27.79864    15.80739          1         56
        city |  8,689,427    625.7962    1634.875          0       7590
     yrimmig |  8,689,427    242.0952    648.7658          0       2019
(0 real changes made)
2000 2010 2019
(8,689,427 missing values generated)
(8,689,427 missing values generated)
(8,689,427 missing values generated)
(sum of wgt is 69,490,770)

      Source |       SS           df       MS      Number of obs   = 1,928,163
-------------+----------------------------------   F(12, 1928150)  =  60493.23
       Model |   445872007        12  37156000.6   Prob > F        =    0.0000
    Residual |  1.1843e+09 1,928,150  614.217466   R-squared       =    0.2735
-------------+----------------------------------   Adj R-squared   =    0.2735
       Total |  1.6302e+09 1,928,162  845.455628   Root MSE        =    24.783

--------------------------------------------------------------------------------
  pctr_rentgrs | Coefficient  Std. err.      t    P>|t|     [95% conf. interval]
---------------+----------------------------------------------------------------
pctr_inc_month |   .4029518   .0007526   535.40   0.000     .4014767    .4044269
        korean |   7.905726   .4300573    18.38   0.000     7.062829    8.748623
  _ia_korean_y |  -.0195539   .0090073    -2.17   0.030     -.037208   -.0018999
          educ |   1.827166   .0078195   233.67   0.000      1.81184    1.842492
           age |  -.1072234   .0010435  -102.75   0.000    -.1092687   -.1051782
           sex |   1.649035   .0395288    41.72   0.000      1.57156     1.72651
        hhtype |  -.1823309   .0079683   -22.88   0.000    -.1979485   -.1667132
          farm |   -26.4151   .2991593   -88.30   0.000    -27.00144   -25.82875
       metarea |   .0170023   .0000671   253.40   0.000     .0168708    .0171339
      statefip |  -.1446604     .00113  -128.02   0.000     -.146875   -.1424457
          city |  -.0000146   .0000102    -1.42   0.154    -.0000346    5.47e-06
       yrimmig |   .0025527   .0000245   104.17   0.000     .0025047    .0026007
         _cons |   50.01001   .3197325   156.41   0.000     49.38335    50.63668
--------------------------------------------------------------------------------
(6,237,009 real changes made)
(6,237,009 real changes made)
(6,237,009 real changes made)
(sum of wgt is 38,636,901)

      Source |       SS           df       MS      Number of obs   =   339,155
-------------+----------------------------------   F(12, 339142)   =  11582.15
       Model |  83267306.2        12  6938942.18   Prob > F        =    0.0000
    Residual |   203182265   339,142   599.10676   R-squared       =    0.2907
-------------+----------------------------------   Adj R-squared   =    0.2907
       Total |   286449571   339,154  844.600302   Root MSE        =    24.477

--------------------------------------------------------------------------------
  pctr_rentgrs | Coefficient  Std. err.      t    P>|t|     [95% conf. interval]
---------------+----------------------------------------------------------------
pctr_inc_month |   .4366176   .0017978   242.86   0.000      .433094    .4401412
        korean |   6.126861   .9662218     6.34   0.000     4.233095    8.020628
  _ia_korean_y |   .0015282   .0189149     0.08   0.936    -.0355444    .0386008
          educ |   1.298934   .0190991    68.01   0.000       1.2615    1.336368
           age |  -.1450552   .0024575   -59.03   0.000    -.1498718   -.1402385
           sex |   3.089896   .0875847    35.28   0.000     2.918232    3.261559
        hhtype |  -.5844879   .0177583   -32.91   0.000    -.6192937   -.5496822
          farm |  -25.65521   .8127951   -31.56   0.000    -27.24827   -24.06216
       metarea |   .0173282   .0001603   108.13   0.000     .0170141    .0176423
      statefip |  -.1826416    .002634   -69.34   0.000    -.1878041   -.1774791
          city |   .0002086   .0000219     9.51   0.000     .0001657    .0002516
       yrimmig |   .0023837   .0000548    43.48   0.000     .0022763    .0024912
         _cons |   52.50809   .8567252    61.29   0.000     50.82894    54.18725
--------------------------------------------------------------------------------
(1,189,942 real changes made)
(1,189,942 real changes made)
(1,189,942 real changes made)
(sum of wgt is 42,980,882)

      Source |       SS           df       MS      Number of obs   =   359,037
-------------+----------------------------------   F(12, 359024)   =  15961.49
       Model |   105301327        12  8775110.58   Prob > F        =    0.0000
    Residual |   197379792   359,024  549.767681   R-squared       =    0.3479
-------------+----------------------------------   Adj R-squared   =    0.3479
       Total |   302681119   359,036  843.038355   Root MSE        =    23.447

--------------------------------------------------------------------------------
  pctr_rentgrs | Coefficient  Std. err.      t    P>|t|     [95% conf. interval]
---------------+----------------------------------------------------------------
pctr_inc_month |   .4454445   .0016468   270.50   0.000     .4422169    .4486721
        korean |   1.399987   .8965158     1.56   0.118     -.357158    3.157131
  _ia_korean_y |   .0430593   .0166269     2.59   0.010     .0104711    .0756475
          educ |   1.608192    .017592    91.42   0.000     1.573712    1.642671
           age |  -.1503432   .0022618   -66.47   0.000    -.1547763   -.1459101
           sex |   2.002575   .0810201    24.72   0.000     1.843778    2.161372
        hhtype |  -.3634129   .0163107   -22.28   0.000    -.3953814   -.3314443
          farm |  -21.18045   .7593664   -27.89   0.000    -22.66879   -19.69211
       metarea |   .0003796   2.73e-06   138.88   0.000     .0003742    .0003849
      statefip |  -.1627804   .0024386   -66.75   0.000      -.16756   -.1580008
          city |   .0003583   .0000227    15.80   0.000     .0003139    .0004028
       yrimmig |   .0028517   .0000499    57.17   0.000     .0027539    .0029495
         _cons |   41.69022   .8020213    51.98   0.000     40.11828    43.26216
--------------------------------------------------------------------------------
(1,262,476 real changes made)
(1,262,476 real changes made)
(1,262,476 real changes made)
(8,689,427 missing values generated)
(8,689,427 missing values generated)
(8,689,427 missing values generated)
(sum of wgt is 138,377,507)

      Source |       SS           df       MS      Number of obs   = 4,308,690
-------------+----------------------------------   F(12, 4308677)  >  99999.00
       Model |  1.1887e+09        12  99058100.3   Prob > F        =    0.0000
    Residual |  2.3180e+09 4,308,677  537.983178   R-squared       =    0.3390
-------------+----------------------------------   Adj R-squared   =    0.3390
       Total |  3.5067e+09 4,308,689  813.865412   Root MSE        =    23.194

--------------------------------------------------------------------------------
   pctr_valueh | Coefficient  Std. err.      t    P>|t|     [95% conf. interval]
---------------+----------------------------------------------------------------
pctr_inc_month |   .3897856   .0004839   805.50   0.000     .3888372     .390734
        korean |   11.65117   .6702284    17.38   0.000     10.33754    12.96479
  _ia_korean_y |  -.1251439   .0094385   -13.26   0.000    -.1436431   -.1066447
          educ |   2.823592   .0050629   557.70   0.000     2.813669    2.833516
           age |   .2080005   .0007332   283.69   0.000     .2065635    .2094376
           sex |  -.2536034   .0300206    -8.45   0.000    -.3124427   -.1947641
        hhtype |   -.495025   .0062839   -78.78   0.000    -.5073413   -.4827088
          farm |    11.4165   .0956438   119.36   0.000     11.22905    11.60396
       metarea |   .0134452     .00004   336.34   0.000     .0133668    .0135235
      statefip |  -.1612664   .0007186  -224.41   0.000    -.1626749   -.1598579
          city |   .0000157   8.40e-06     1.87   0.062    -7.65e-07    .0000322
       yrimmig |   .0038106   .0000199   191.28   0.000     .0037716    .0038497
         _cons |  -16.07948    .122596  -131.16   0.000    -16.31977    -15.8392
--------------------------------------------------------------------------------
